<?xml version="1.0" encoding="UTF-8"?>
<!-- Generated by org.testng.reporters.JUnitXMLReporter -->
<testsuite hostname="APL-5CD010D4Y6" ignored="6" name="Test" tests="1" failures="0" timestamp="2020-08-03T13:42:04 IST" time="18.823" errors="0">
  <testcase name="@BeforeMethod beforeMethod" time="18.605" classname="TestScripts.BaseSuiteFile">
    <failure type="java.lang.NullPointerException">
      <![CDATA[java.lang.NullPointerException
at TestScripts.BaseSuiteFile.beforeMethod(BaseSuiteFile.java:176)
at java.util.ArrayList.forEach(Unknown Source)
... Removed 31 stack frames]]>
    </failure>
  </testcase> <!-- @BeforeMethod beforeMethod -->
  <testcase name="@AfterMethod afterMethod" time="-1.59644232491E9" classname="TestScripts.BaseSuiteFile">
    <skipped/>
  </testcase> <!-- @AfterMethod afterMethod -->
  <testcase name="@AfterClass afterClass" time="-1.596442324914E9" classname="TestScripts.BaseSuiteFile">
    <skipped/>
  </testcase> <!-- @AfterClass afterClass -->
  <testcase name="@AfterTest afterTest" time="-1.596442324919E9" classname="TestScripts.BaseSuiteFile">
    <skipped/>
  </testcase> <!-- @AfterTest afterTest -->
  <testcase name="CaseId_07_01_GilletteSignin_Raja" time="0.0" classname="TestScripts.BaseSuiteFile">
    <skipped/>
  </testcase> <!-- CaseId_07_01_GilletteSignin_Raja -->
  <testcase name="case_03_Windows_Raja" time="0.0" classname="TestScripts.BaseSuiteFile">
    <ignored/>
  </testcase> <!-- case_03_Windows_Raja -->
  <testcase name="Case_03_02_WindowsPage_Raja" time="0.0" classname="TestScripts.BaseSuiteFile">
    <ignored/>
  </testcase> <!-- Case_03_02_WindowsPage_Raja -->
  <testcase name="Caseid_01_RegistrationPage_Raja" time="0.0" classname="TestScripts.BaseSuiteFile">
    <ignored/>
  </testcase> <!-- Caseid_01_RegistrationPage_Raja -->
  <testcase name="Case_04_Frames_Raja" time="0.0" classname="TestScripts.BaseSuiteFile">
    <ignored/>
  </testcase> <!-- Case_04_Frames_Raja -->
  <testcase name="Caseid_02_05_AlertsPage_Raja" time="0.0" classname="TestScripts.BaseSuiteFile">
    <ignored/>
  </testcase> <!-- Caseid_02_05_AlertsPage_Raja -->
  <testcase name="Caseid_03_03_Windows_Raja" time="0.0" classname="TestScripts.BaseSuiteFile">
    <ignored/>
  </testcase> <!-- Caseid_03_03_Windows_Raja -->
</testsuite> <!-- Test -->
