<?xml version="1.0" encoding="UTF-8"?>
<testng-results skipped="0" failed="0" ignored="0" total="0" passed="0">
  <reporter-output>
  </reporter-output>
  <suite name="Failed suite [Suite]" duration-ms="25199" started-at="2020-08-12T19:46:03 IST" finished-at="2020-08-12T19:46:28 IST">
    <groups>
    </groups>
    <test name="Test(failed)" duration-ms="25199" started-at="2020-08-12T19:46:03 IST" finished-at="2020-08-12T19:46:28 IST">
      <class name="TestScripts.BaseSuiteFile">
        <test-method status="PASS" signature="beforeSuite()[pri:0, instance:TestScripts.BaseSuiteFile@305fd85d]" name="beforeSuite" is-config="true" duration-ms="32" started-at="2020-08-12T19:46:03 IST" finished-at="2020-08-12T19:46:03 IST">
          <reporter-output>
          </reporter-output>
        </test-method> <!-- beforeSuite -->
        <test-method status="PASS" signature="beforeTest()[pri:0, instance:TestScripts.BaseSuiteFile@305fd85d]" name="beforeTest" is-config="true" duration-ms="235" started-at="2020-08-12T19:46:03 IST" finished-at="2020-08-12T19:46:03 IST">
          <reporter-output>
          </reporter-output>
        </test-method> <!-- beforeTest -->
        <test-method status="PASS" signature="setup()[pri:0, instance:TestScripts.BaseSuiteFile@305fd85d]" name="setup" is-config="true" duration-ms="0" started-at="2020-08-12T19:46:03 IST" finished-at="2020-08-12T19:46:03 IST">
          <reporter-output>
          </reporter-output>
        </test-method> <!-- setup -->
        <test-method status="PASS" signature="afterClass()[pri:0, instance:TestScripts.BaseSuiteFile@305fd85d]" name="afterClass" is-config="true" duration-ms="0" started-at="2020-08-12T19:46:24 IST" finished-at="2020-08-12T19:46:24 IST">
          <reporter-output>
          </reporter-output>
        </test-method> <!-- afterClass -->
        <test-method status="PASS" signature="afterTest()[pri:0, instance:TestScripts.BaseSuiteFile@305fd85d]" name="afterTest" is-config="true" duration-ms="3347" started-at="2020-08-12T19:46:24 IST" finished-at="2020-08-12T19:46:28 IST">
          <reporter-output>
          </reporter-output>
        </test-method> <!-- afterTest -->
        <test-method status="FAIL" signature="afterSuite()[pri:0, instance:TestScripts.BaseSuiteFile@305fd85d]" name="afterSuite" is-config="true" duration-ms="4" started-at="2020-08-12T19:46:28 IST" finished-at="2020-08-12T19:46:28 IST">
          <exception class="java.lang.NullPointerException">
            <full-stacktrace>
              <![CDATA[java.lang.NullPointerException
at TestScripts.BaseSuiteFile.afterSuite(BaseSuiteFile.java:329)
at sun.reflect.NativeMethodAccessorImpl.invoke0(Native Method)
at sun.reflect.NativeMethodAccessorImpl.invoke(Unknown Source)
at sun.reflect.DelegatingMethodAccessorImpl.invoke(Unknown Source)
at java.lang.reflect.Method.invoke(Unknown Source)
at org.testng.internal.MethodInvocationHelper.invokeMethod(MethodInvocationHelper.java:134)
at org.testng.internal.MethodInvocationHelper.invokeMethodConsideringTimeout(MethodInvocationHelper.java:63)
at org.testng.internal.ConfigInvoker.invokeConfigurationMethod(ConfigInvoker.java:348)
at org.testng.internal.ConfigInvoker.invokeConfigurations(ConfigInvoker.java:302)
at org.testng.SuiteRunner.privateRun(SuiteRunner.java:351)
at org.testng.SuiteRunner.run(SuiteRunner.java:286)
at org.testng.SuiteRunnerWorker.runSuite(SuiteRunnerWorker.java:53)
at org.testng.SuiteRunnerWorker.run(SuiteRunnerWorker.java:96)
at org.testng.TestNG.runSuitesSequentially(TestNG.java:1187)
at org.testng.TestNG.runSuitesLocally(TestNG.java:1109)
at org.testng.TestNG.runSuites(TestNG.java:1039)
at org.testng.TestNG.run(TestNG.java:1007)
at org.testng.remote.AbstractRemoteTestNG.run(AbstractRemoteTestNG.java:115)
at org.testng.remote.RemoteTestNG.initAndRun(RemoteTestNG.java:251)
at org.testng.remote.RemoteTestNG.main(RemoteTestNG.java:77)
]]>
            </full-stacktrace>
          </exception> <!-- java.lang.NullPointerException -->
          <reporter-output>
          </reporter-output>
        </test-method> <!-- afterSuite -->
      </class> <!-- TestScripts.BaseSuiteFile -->
    </test> <!-- Test(failed) -->
  </suite> <!-- Failed suite [Suite] -->
</testng-results>
